<?xml version="1.0" encoding="UTF-8"?>
<!-- Generated by org.testng.reporters.JUnitReportReporter -->
<testsuite hostname="nazareno-MS-7C31" failures="0" tests="3" name="com.solvd.automation.gui.WebGithubTest" time="43.736" errors="0" timestamp="2024-02-07T19:11:26 ART" skipped="0">
  <testcase classname="com.solvd.automation.gui.WebGithubTest" name="verifySearchResultsTest" time="11.135"/>
  <system-out/>
  <testcase classname="com.solvd.automation.gui.WebGithubTest" name="verifyRegisterProcessTest" time="25.968"/>
  <system-out/>
  <testcase classname="com.solvd.automation.gui.WebGithubTest" name="validateWrongLoginAttemptTest" time="6.633"/>
  <system-out/>
</testsuite> <!-- com.solvd.automation.gui.WebGithubTest -->
